\BOOKMARK [1][-]{section.1}{Background}{}% 1
\BOOKMARK [2][-]{subsection.1.1}{RL Overall Architecture - DQN}{section.1}% 2
\BOOKMARK [1][-]{section.2}{Python Poker Environment}{}% 3
\BOOKMARK [2][-]{subsection.2.1}{PyPokerEngine}{section.2}% 4
\BOOKMARK [2][-]{subsection.2.2}{PyPokerGUI}{section.2}% 5
\BOOKMARK [2][-]{subsection.2.3}{Training and Simulation}{section.2}% 6
\BOOKMARK [1][-]{section.3}{PyTorch Reinforcement Learning}{}% 7
\BOOKMARK [2][-]{subsection.3.1}{RLCard - An RL Toolkit}{section.3}% 8
\BOOKMARK [3][-]{subsubsection.3.1.1}{TensorFlow Training - NFSP Agent}{subsection.3.1}% 9
\BOOKMARK [2][-]{subsection.3.2}{PyTorch}{section.3}% 10
\BOOKMARK [3][-]{subsubsection.3.2.1}{DQN and NFSP via PyTorch with PyPokerEngine}{subsection.3.2}% 11
\BOOKMARK [3][-]{subsubsection.3.2.2}{Google Colab}{subsection.3.2}% 12
\BOOKMARK [2][-]{subsection.3.3}{Agent-Environment Integration}{section.3}% 13
\BOOKMARK [1][-]{section.4}{Other Information}{}% 14
\BOOKMARK [2][-]{subsection.4.1}{Timeline}{section.4}% 15
\BOOKMARK [2][-]{subsection.4.2}{Meeting Schedule}{section.4}% 16
\BOOKMARK [1][-]{appendix.A}{Heads Up Push-or-Fold DQN Model}{}% 17
\BOOKMARK [1][-]{appendix.B}{Basic PyTorch NN}{}% 18
\BOOKMARK [1][-]{appendix.C}{Basic PyTorch DQN}{}% 19
\BOOKMARK [1][-]{appendix.D}{PyPokerEngine Player Setup}{}% 20
